make.exe --dry-run --always-make --keep-going --print-directory
make: Entering directory '/cygdrive/d/OneDrive - 芝浦工業大学 教研テナント (SIC)/vscws/Rouge-Lite-Game'
 
mkdir -p bin/obj
mkdir -p bin/obj/core/
gcc -Wall -I./src -I./src/core -I./src/core/unit -I./src/ui -I./src/util -c -o bin/obj/core/terrain.o src/core/terrain.c
mkdir -p bin/obj/
gcc -Wall -I./src -I./src/core -I./src/core/unit -I./src/ui -I./src/util -c -o bin/obj/main.o src/main.c
mkdir -p bin/obj/ui/
gcc -Wall -I./src -I./src/core -I./src/core/unit -I./src/ui -I./src/util -c -o bin/obj/ui/cmd_pallet.o src/ui/cmd_pallet.c
mkdir -p bin/obj/ui/
gcc -Wall -I./src -I./src/core -I./src/core/unit -I./src/ui -I./src/util -c -o bin/obj/ui/display.o src/ui/display.c
mkdir -p bin/obj/unit/
gcc -Wall -I./src -I./src/core -I./src/core/unit -I./src/ui -I./src/util -c -o bin/obj/unit/stats.o src/unit/stats.c
mkdir -p bin/obj/unit/
gcc -Wall -I./src -I./src/core -I./src/core/unit -I./src/ui -I./src/util -c -o bin/obj/unit/unit_base.o src/unit/unit_base.c
mkdir -p bin/obj/util/
gcc -Wall -I./src -I./src/core -I./src/core/unit -I./src/ui -I./src/util -c -o bin/obj/util/debug_tools.o src/util/debug_tools.c
mkdir -p bin/obj/util/
gcc -Wall -I./src -I./src/core -I./src/core/unit -I./src/ui -I./src/util -c -o bin/obj/util/unique_id.o src/util/unique_id.c
gcc -o bin/Game.exe bin/obj/core/terrain.o bin/obj/main.o bin/obj/ui/cmd_pallet.o bin/obj/ui/display.o bin/obj/unit/stats.o bin/obj/unit/unit_base.o bin/obj/util/debug_tools.o bin/obj/util/unique_id.o -lcurses
make: Leaving directory '/cygdrive/d/OneDrive - 芝浦工業大学 教研テナント (SIC)/vscws/Rouge-Lite-Game'
 
