make.exe all --print-data-base --no-builtin-variables --no-builtin-rules --question
# GNU Make 4.3
# Built for x86_64-pc-cygwin
# Copyright (C) 1988-2020 Free Software Foundation, Inc.
# License GPLv3+: GNU GPL version 3 or later <http://gnu.org/licenses/gpl.html>
# This is free software: you are free to change and redistribute it.
# There is NO WARRANTY, to the extent permitted by law.
 

# Make data base, printed on Sat Jul 16 22:48:30 2022

# Variables

# environment
FPS_BROWSER_APP_PROFILE_STRING = Internet Explorer
# environment
SYSTEMDRIVE = C:
# environment
LC_ALL = C
# makefile (from 'Makefile', line 11)
TESTDIR := test
# environment
USERPROFILE = C:\Users\tonig
# makefile (from 'Makefile', line 17)
OBJEXT := .o
# environment
LOCALAPPDATA = C:\Users\tonig\AppData\Local
# environment
VSCODE_CWD = C:\Users\tonig\AppData\Local\Programs\Microsoft VS Code
# environment
SYSTEMROOT = C:\WINDOWS
# environment
PROCESSOR_LEVEL = 6
# environment
PSMODULEPATH = C:\Program Files\WindowsPowerShell\Modules;C:\WINDOWS\system32\WindowsPowerShell\v1.0\Modules
# makefile (from 'Makefile', line 16)
HEDEXT := .h
# default
MAKE_COMMAND := make
# automatic
@D = $(patsubst %/,%,$(dir $@))
# environment
CHROME_CRASHPAD_PIPE_NAME = \\.\pipe\crashpad_3412_AXQLMYRCTCJMWUPN
# environment
ONEDRIVECOMMERCIAL = D:\OneDrive - 芝浦工業大学 教研テナント (SIC)
# environment
FPS_BROWSER_USER_PROFILE_STRING = Default
# environment
VSCODE_HANDLES_UNCAUGHT_ERRORS = true
# default
.VARIABLES := 
# automatic
%D = $(patsubst %/,%,$(dir $%))
# automatic
^D = $(patsubst %/,%,$(dir $^))
# automatic
%F = $(notdir $%)
# environment
VSCODE_CODE_CACHE_PATH = C:\Users\tonig\AppData\Roaming\Code\CachedData\b06ae3b2d2dbfe28bca3134cc6be65935cdfea6a
# environment
LANG = C
# default
.LOADED := 
# environment
TMP = /cygdrive/c/Users/tonig/AppData/Local/Temp
# default
.INCLUDE_DIRS = /usr/include /usr/include
# makefile
MAKEFLAGS = pqrR
# makefile (from 'Makefile', line 7)
TARGETDIR := bin
# environment
ONEDRIVE = D:\OneDrive - 芝浦工業大学 教研テナント (SIC)
# environment
POWERSHELL_DISTRIBUTION_CHANNEL = MSI:Windows 10 Home
# makefile
CURDIR := /cygdrive/d/OneDrive - 芝浦工業大学 教研テナント (SIC)/vscws/Rouge-Lite-Game
# environment
APPLICATION_INSIGHTS_NO_DIAGNOSTIC_CHANNEL = 1
# automatic
*D = $(patsubst %/,%,$(dir $*))
# environment
PROGRAMFILES = C:\Program Files
# environment
MFLAGS = -pqrR
# default
.SHELLFLAGS := -c
# environment
COMMONPROGRAMW6432 = C:\Program Files\Common Files
# automatic
+D = $(patsubst %/,%,$(dir $+))
# makefile (from 'Makefile', line 6)
CYGWINDIR := C:/cygwin64/bin
# makefile (from 'Makefile', line 1)
MAKEFILE_LIST := Makefile
# automatic
@F = $(notdir $@)
# environment
VSCODE_PID = 3412
# makefile (from 'Makefile', line 29)
sources := src/core/terrain.c src/main.c src/ui/cmd_pallet.c src/ui/display.c src/unit/stats.c src/unit/unit_base.c src/util/debug_tools.c src/util/unique_id.c
# environment
CUDA_PATH = C:\Program Files\NVIDIA GPU Computing Toolkit\CUDA\v11.6
# environment
__PSLOCKDOWNPOLICY = 0
# automatic
?D = $(patsubst %/,%,$(dir $?))
# automatic
*F = $(notdir $*)
# automatic
<D = $(patsubst %/,%,$(dir $<))
# environment
VSCODE_NLS_CONFIG = {"locale":"ja","availableLanguages":{"*":"ja"},"_languagePackId":"29207410cd77a70b4b25e4878dda93be.ja","_translationsConfigFile":"C:\\Users\\tonig\\AppData\\Roaming\\Code\\clp\\29207410cd77a70b4b25e4878dda93be.ja\\tcf.json","_cacheRoot":"C:\\Users\\tonig\\AppData\\Roaming\\Code\\clp\\29207410cd77a70b4b25e4878dda93be.ja","_resolvedLanguagePackCoreLocation":"C:\\Users\\tonig\\AppData\\Roaming\\Code\\clp\\29207410cd77a70b4b25e4878dda93be.ja\\b06ae3b2d2dbfe28bca3134cc6be65935cdfea6a","_corruptedFile":"C:\\Users\\tonig\\AppData\\Roaming\\Code\\clp\\29207410cd77a70b4b25e4878dda93be.ja\\corrupted.info","_languagePackSupport":true}
# makefile (from 'Makefile', line 19)
INCLUDE := -I./src -I./src/core -I./src/core/unit -I./src/ui -I./src/util
# environment
ONEDRIVECONSUMER = C:\Users\tonig\OneDrive
# default
MAKE_HOST := x86_64-pc-cygwin
# environment
PROGRAMDATA = C:\ProgramData
# default
SHELL := /bin/sh
# environment
HOMEPATH = \Users\tonig
# default
MAKECMDGOALS := all
# makefile (from 'Makefile', line 30)
objects := bin/obj/core/terrain.o bin/obj/main.o bin/obj/ui/cmd_pallet.o bin/obj/ui/display.o bin/obj/unit/stats.o bin/obj/unit/unit_base.o bin/obj/util/debug_tools.o bin/obj/util/unique_id.o
# environment
DRIVERDATA = C:\Windows\System32\Drivers\DriverData
# environment
COMSPEC = C:\WINDOWS\system32\cmd.exe
# environment
WINDIR = C:\WINDOWS
# environment
MAKELEVEL := 0
# default
MAKE = $(MAKE_COMMAND)
# environment
PATH = /cygdrive/c/Program Files/Microsoft/jdk-11.0.12.7-hotspot/bin:/cygdrive/c/Program Files/NVIDIA GPU Computing Toolkit/CUDA/v11.6/bin:/cygdrive/c/Program Files/NVIDIA GPU Computing Toolkit/CUDA/v11.6/libnvvp:/cygdrive/c/Windows/system32:/cygdrive/c/Windows:/cygdrive/c/Windows/System32/Wbem:/cygdrive/c/Windows/System32/WindowsPowerShell/v1.0:/cygdrive/c/Windows/System32/OpenSSH:/cygdrive/c/Program Files (x86)/NVIDIA Corporation/PhysX/Common:/cygdrive/c/Program Files/NVIDIA Corporation/NVIDIA NvDLISR:/cygdrive/c/Program Files/dotnet:/cygdrive/c/Program Files/Wolfram Research/WolframScript:/cygdrive/c/WINDOWS/system32:/cygdrive/c/WINDOWS:/cygdrive/c/WINDOWS/System32/Wbem:/cygdrive/c/WINDOWS/System32/WindowsPowerShell/v1.0:/cygdrive/c/WINDOWS/System32/OpenSSH:/usr/bin:/cygdrive/c/Program Files/NVIDIA Corporation/Nsight Compute 2022.1.1:/cygdrive/c/Program Files/Git/cmd:/cygdrive/c/WINDOWS/system32:/cygdrive/c/WINDOWS:/cygdrive/c/WINDOWS/System32/Wbem:/cygdrive/c/WINDOWS/System32/WindowsPowerShell/v1.0:/cygdrive/c/WINDOWS/System32/OpenSSH:/cygdrive/c/Program Files/PowerShell/7:/cygdrive/c/Users/tonig/AppData/Local/Programs/Python/Python310/Scripts:/cygdrive/c/Users/tonig/AppData/Local/Programs/Python/Python310:/cygdrive/c/Users/tonig/AppData/Local/Microsoft/WindowsApps:/cygdrive/c/Users/tonig/AppData/Local/Programs/Microsoft VS Code/bin:/cygdrive/c/Users/tonig/.dotnet/tools:/cygdrive/c/Users/tonig/AppData/Local/GitHubDesktop/bin
# environment
ZES_ENABLE_SYSMAN = 1
# environment
COMPUTERNAME = DESKTOP-UC22SD6
# default
MAKEFILES := 
# automatic
^F = $(notdir $^)
# environment
PROMPT = $P$G
# environment
NVTOOLSEXT_PATH = C:\Program Files\NVIDIA Corporation\NvToolsExt\
# environment
LOGONSERVER = \\DESKTOP-UC22SD6
# environment
USERNAME = tonig
# environment
COMMONPROGRAMFILES = C:\Program Files\Common Files
# automatic
?F = $(notdir $?)
# environment
PROGRAMW6432 = C:\Program Files
# environment
PATHEXT = .COM;.EXE;.BAT;.CMD;.VBS;.VBE;.JS;.JSE;.WSF;.WSH;.MSC
# automatic
+F = $(notdir $+)
# environment
ORIGINAL_XDG_CURRENT_DESKTOP = undefined
# environment
USERDOMAIN = DESKTOP-UC22SD6
# 'override' directive
GNUMAKEFLAGS := 
# environment
OS = Windows_NT
# makefile (from 'Makefile', line 24)
FINDPATH := C:/cygwin64/bin/find.exe
# environment
CUDA_PATH_V11_6 = C:\Program Files\NVIDIA GPU Computing Toolkit\CUDA\v11.6
# makefile (from 'Makefile', line 15)
SRCEXT := .c
# makefile
.DEFAULT_GOAL := all
# default
MAKE_VERSION := 4.3
# 'override' directive
.SHELLSTATUS := 0
# environment
PROGRAMFILES(X86) = C:\Program Files (x86)
# makefile (from 'Makefile', line 21)
LDFLAGS := -lcurses
# environment
!D: = d:\OneDrive - 芝浦工業大学 教研テナント (SIC)\vscws\Rouge-Lite-Game
# environment
USERDOMAIN_ROAMINGPROFILE = DESKTOP-UC22SD6
# environment
NUMBER_OF_PROCESSORS = 8
# environment
PUBLIC = C:\Users\Public
# environment
APPDATA = C:\Users\tonig\AppData\Roaming
# makefile (from 'Makefile', line 20)
CFLAGS := -Wall
# makefile (from 'Makefile', line 10)
RESDIR := res
# environment
HOMEDRIVE = C:
# environment
PROCESSOR_ARCHITECTURE = AMD64
# environment
VSCODE_AMD_ENTRYPOINT = vs/workbench/api/node/extensionHostProcess
# environment
HOME = /home/tonig
# environment
COMMONPROGRAMFILES(X86) = C:\Program Files (x86)\Common Files
# environment
ELECTRON_RUN_AS_NODE = 1
# environment
TEMP = /cygdrive/c/Users/tonig/AppData/Local/Temp
# environment
VSCODE_IPC_HOOK = \\.\pipe\813b87842b2e2c1d0218077ac462097c-1.69.1-main-sock
# environment
TERM = xterm-256color
# makefile (from 'Makefile', line 9)
SRCDIR := src
# default
.RECIPEPREFIX := 
# automatic
<F = $(notdir $<)
# default
SUFFIXES := 
# environment
ALLUSERSPROFILE = C:\ProgramData
# makefile (from 'Makefile', line 4)
TARGET := Game.exe
# environment
SESSIONNAME = Console
# default
.FEATURES := target-specific order-only second-expansion else-if shortest-stem undefine oneshell nocomment grouped-target extra-prereqs archives jobserver output-sync check-symlink guile load
# environment
PROCESSOR_REVISION = a502
# makefile (from 'Makefile', line 2)
CC := gcc
# makefile (from 'Makefile', line 8)
BUILDDIR := bin/obj
# environment
PROCESSOR_IDENTIFIER = Intel64 Family 6 Model 165 Stepping 2, GenuineIntel
# variable set hash-table stats:
 
# Load=117/1024=11%, Rehash=0, Collisions=15/177=8%

# Pattern-specific Variable Values

# No pattern-specific variable values.

# Directories

# src (device 2095423853, inode 844424930154029): No files, no impossibilities so far.
# . (device 2095423853, inode 844424930154020): 14 files, no impossibilities.

# 14 files, no impossibilities in 2 directories.

# Implicit Rules

bin/obj/%.o: src/%.c
#  recipe to execute (from 'Makefile', line 44):
	mkdir -p $(dir $@)
	$(CC) $(CFLAGS) $(INCLUDE) -c -o $@ $<

# 1 implicit rules, 0 (0.0%) terminal.
# Files

# Not a target:
bin/obj/util/unique_id.o:
#  Implicit rule search has not been done.
#  Modification time never checked.
#  File has not been updated.

# Not a target:
bin/obj/unit/unit_base.o:
#  Implicit rule search has not been done.
#  Modification time never checked.
#  File has not been updated.

# Not a target:
bin/obj/ui/cmd_pallet.o:
#  Implicit rule search has not been done.
#  Modification time never checked.
#  File has not been updated.

# Not a target:
bin/obj/core/terrain.o:
#  Implicit rule search has not been done.
#  Modification time never checked.
#  File has not been updated.

# Not a target:
Makefile:
#  Implicit rule search has been done.
#  Last modified 2022-07-14 12:08:42.6959262
#  File has been updated.
#  Successfully updated.

clean:
#  Implicit rule search has not been done.
#  Modification time never checked.
#  File has not been updated.
#  recipe to execute (from 'Makefile', line 35):
	@rm -rf $(BUILDDIR)

# Not a target:
bin/obj/ui/display.o:
#  Implicit rule search has not been done.
#  Modification time never checked.
#  File has not been updated.

# Not a target:
.DEFAULT:
#  Implicit rule search has not been done.
#  Modification time never checked.
#  File has not been updated.

all: directories bin/Game.exe
#  Command line target.
#  Implicit rule search has been done.
#  File does not exist.
#  File has been updated.
#  Needs to be updated (-q is set).
# variable set hash-table stats:
# Load=0/32=0%, Rehash=0, Collisions=0/4=0%

# Not a target:
bin/obj/util/debug_tools.o:
#  Implicit rule search has not been done.
#  Modification time never checked.
#  File has not been updated.

# Not a target:
bin/obj/unit/stats.o:
#  Implicit rule search has not been done.
#  Modification time never checked.
#  File has not been updated.

bin/Game.exe: bin/obj/core/terrain.o bin/obj/main.o bin/obj/ui/cmd_pallet.o bin/obj/ui/display.o bin/obj/unit/stats.o bin/obj/unit/unit_base.o bin/obj/util/debug_tools.o bin/obj/util/unique_id.o
#  Implicit rule search has not been done.
#  Modification time never checked.
#  File has not been updated.
#  recipe to execute (from 'Makefile', line 41):
	$(CC) -o $(TARGETDIR)/$(TARGET) $^ $(LDFLAGS)

# Not a target:
bin/obj/main.o:
#  Implicit rule search has not been done.
#  Modification time never checked.
#  File has not been updated.

directories:
#  Implicit rule search has not been done.
#  Implicit/static pattern stem: ''
#  File does not exist.
#  File has been updated.
#  Needs to be updated (-q is set).
# automatic
# @ := directories
# automatic
# * := 
# automatic
# < := 
# automatic
# + := 
# automatic
# % := 
# automatic
# ^ := 
# automatic
# ? := 
# automatic
# | := 
# variable set hash-table stats:
# Load=8/32=25%, Rehash=0, Collisions=1/12=8%
#  recipe to execute (from 'Makefile', line 38):
	@mkdir -p $(BUILDDIR)

# Not a target:
.SUFFIXES:
#  Implicit rule search has not been done.
#  Modification time never checked.
#  File has not been updated.

# files hash-table stats:
# Load=15/1024=1%, Rehash=0, Collisions=0/39=0%
# VPATH Search Paths

# No 'vpath' search paths.

# No general ('VPATH' variable) search path.

# strcache buffers: 1 (0) / strings = 31 / storage = 380 B / avg = 12 B
# current buf: size = 8162 B / used = 380 B / count = 31 / avg = 12 B

# strcache performance: lookups = 44 / hit rate = 29%
# hash-table stats:
# Load=31/8192=0%, Rehash=0, Collisions=0/44=0%
# Finished Make data base on Sat Jul 16 22:48:30 2022

 
